Copyright 1986-2022 Xilinx, Inc. All Rights Reserved. Copyright 2022-2023 Advanced Micro Devices, Inc. All Rights Reserved.
---------------------------------------------------------------------------------------------------------------------------------------------
| Tool Version : Vivado v.2023.1.1 (win64) Build 3900603 Fri Jun 16 19:31:24 MDT 2023
| Date         : Fri Dec  8 16:32:23 2023
| Host         : CEAT-ENDV350-03 running 64-bit major release  (build 9200)
| Command      : report_timing -file route_report_timing_0.rpt -rpx route_report_timing_0.rpx
| Design       : top_demo
| Device       : 7z020-clg484
| Speed File   : -1  PRODUCTION 1.12 2019-11-22
| Design State : Routed
---------------------------------------------------------------------------------------------------------------------------------------------

Timing Report

Slack:                    inf
  Source:                 btn[1]
                            (input port)
  Destination:            sseg_dp
                            (output port)
  Path Group:             (none)
  Path Type:              Max at Slow Process Corner
  Data Path Delay:        18.702ns  (logic 5.303ns (28.353%)  route 13.399ns (71.647%))
  Logic Levels:           3  (IBUF=1 LUT5=1 OBUF=1)

    Location             Delay type                Incr(ns)  Path(ns)    Netlist Resource(s)
  -------------------------------------------------------------------    -------------------
    V12                                               0.000     0.000 f  btn[1] (IN)
                         net (fo=0)                   0.000     0.000    btn[1]
    V12                  IBUF (Prop_ibuf_I_O)         1.676     1.676 f  btn_IBUF[1]_inst/O
                         net (fo=287, routed)        11.740    13.416    driver/btn_IBUF[1]
    SLICE_X113Y77        LUT5 (Prop_lut5_I4_O)        0.124    13.540 r  driver/sseg_dp_OBUF_inst_i_1/O
                         net (fo=1, routed)           1.659    15.199    sseg_dp_OBUF
    K20                  OBUF (Prop_obuf_I_O)         3.503    18.702 r  sseg_dp_OBUF_inst/O
                         net (fo=0)                   0.000    18.702    sseg_dp
    K20                                                               r  sseg_dp (OUT)
  -------------------------------------------------------------------    -------------------




